c:\users\ticp\desktop\vs project\opensslinvs\x64\debug\vc143.pdb
c:\users\ticp\desktop\vs project\opensslinvs\x64\debug\vc143.idb
c:\users\ticp\desktop\vs project\opensslinvs\x64\debug\applink.obj
c:\users\ticp\desktop\vs project\opensslinvs\x64\debug\test_sm2_sign_and_verify.obj
c:\users\ticp\desktop\vs project\opensslinvs\x64\debug\test_demo.obj
c:\users\ticp\desktop\vs project\opensslinvs\x64\debug\source.obj
c:\users\ticp\desktop\vs project\opensslinvs\x64\debug\sm3_with_preprocess.obj
c:\users\ticp\desktop\vs project\opensslinvs\x64\debug\sm2_sign_and_verify.obj
c:\users\ticp\desktop\vs project\opensslinvs\x64\debug\sm2_create_key_pair.obj
c:\users\ticp\desktop\vs project\opensslinvs\x64\debug\batch.obj
c:\users\ticp\desktop\vs project\opensslinvs\x64\debug\main384.obj
c:\users\ticp\desktop\vs project\opensslinvs\x64\debug\main256.obj
c:\users\ticp\desktop\vs project\opensslinvs\x64\debug\ecdsa384.obj
c:\users\ticp\desktop\vs project\opensslinvs\x64\debug\ecdsa256.obj
c:\users\ticp\desktop\vs project\opensslinvs\x64\debug\displayfilecontent.obj
c:\users\ticp\desktop\vs project\opensslinvs\x64\debug\class.obj
c:\users\ticp\desktop\vs project\opensslinvs\x64\debug\509.obj
c:\users\ticp\desktop\vs project\opensslinvs\x64\debug\opensslinvs.exe
c:\users\ticp\desktop\vs project\opensslinvs\x64\debug\opensslinvs.ilk
c:\users\ticp\desktop\vs project\opensslinvs\x64\debug\opensslinvs.pdb
c:\users\ticp\desktop\vs project\opensslinvs\x64\debug\opensslinvs.lib
c:\users\ticp\desktop\vs project\opensslinvs\x64\debug\opensslinvs.exp
c:\users\ticp\desktop\vs project\opensslinvs\x64\debug\opensslinvs.tlog\cl.command.1.tlog
c:\users\ticp\desktop\vs project\opensslinvs\x64\debug\opensslinvs.tlog\cl.read.1.tlog
c:\users\ticp\desktop\vs project\opensslinvs\x64\debug\opensslinvs.tlog\cl.write.1.tlog
c:\users\ticp\desktop\vs project\opensslinvs\x64\debug\opensslinvs.tlog\link.command.1.tlog
c:\users\ticp\desktop\vs project\opensslinvs\x64\debug\opensslinvs.tlog\link.read.1.tlog
c:\users\ticp\desktop\vs project\opensslinvs\x64\debug\opensslinvs.tlog\link.write.1.tlog
c:\users\ticp\desktop\vs project\opensslinvs\x64\debug\opensslinvs.tlog\opensslinvs.write.1u.tlog
